<?xml version="1.0" encoding="UTF-8"?>
<!-- Generated by org.testng.reporters.JUnitReportReporter -->
<testsuite hostname="DESKTOP-I65VM2N" failures="0" tests="1" name="com.amazon.project.tests.AmazonWebTests" time="27.125" errors="0" timestamp="2022-11-07T13:56:03 IST" skipped="0">
  <testcase classname="com.amazon.project.tests.AmazonWebTests" name="shouldValidateTheAboutThisItem" time="27.125"/>
  <system-out/>
</testsuite> <!-- com.amazon.project.tests.AmazonWebTests -->
